0 info it worked if it ends with ok
1 verbose cli [ 'c:\\Program Files\\nodejs\\node.exe',
1 verbose cli   'c:\\Program Files\\nodejs\\node_modules\\npm\\bin\\npm-cli.js',
1 verbose cli   'install',
1 verbose cli   '--save',
1 verbose cli   'os' ]
2 info using npm@2.11.2
3 info using node@v0.12.5
4 verbose install initial load of c:\wamp\www\tmstack\iot\heroctl\server\package.json
5 warn package.json @0.1.0 No repository field.
6 warn package.json @0.1.0 No license field.
7 verbose installManyTop reading scoped package data from c:\wamp\www\tmstack\iot\heroctl\server\node_modules\assert\package.json
8 verbose installManyTop reading scoped package data from c:\wamp\www\tmstack\iot\heroctl\server\node_modules\body-parser\package.json
9 verbose installManyTop reading scoped package data from c:\wamp\www\tmstack\iot\heroctl\server\node_modules\chai\package.json
10 verbose installManyTop reading scoped package data from c:\wamp\www\tmstack\iot\heroctl\server\node_modules\cookie-parser\package.json
11 verbose installManyTop reading scoped package data from c:\wamp\www\tmstack\iot\heroctl\server\node_modules\ejs\package.json
12 verbose installManyTop reading scoped package data from c:\wamp\www\tmstack\iot\heroctl\server\node_modules\expect.js\package.json
13 verbose installManyTop reading scoped package data from c:\wamp\www\tmstack\iot\heroctl\server\node_modules\express\package.json
14 verbose installManyTop reading scoped package data from c:\wamp\www\tmstack\iot\heroctl\server\node_modules\express-session\package.json
15 verbose installManyTop reading scoped package data from c:\wamp\www\tmstack\iot\heroctl\server\node_modules\frisby\package.json
16 verbose installManyTop reading scoped package data from c:\wamp\www\tmstack\iot\heroctl\server\node_modules\jwt-simple\package.json
17 verbose installManyTop reading scoped package data from c:\wamp\www\tmstack\iot\heroctl\server\node_modules\method-override\package.json
18 verbose installManyTop reading scoped package data from c:\wamp\www\tmstack\iot\heroctl\server\node_modules\mocha\package.json
19 verbose installManyTop reading scoped package data from c:\wamp\www\tmstack\iot\heroctl\server\node_modules\mongodb\package.json
20 verbose installManyTop reading scoped package data from c:\wamp\www\tmstack\iot\heroctl\server\node_modules\mongoose\package.json
21 verbose installManyTop reading scoped package data from c:\wamp\www\tmstack\iot\heroctl\server\node_modules\morgan\package.json
22 verbose installManyTop reading scoped package data from c:\wamp\www\tmstack\iot\heroctl\server\node_modules\nodemailer\package.json
23 verbose installManyTop reading scoped package data from c:\wamp\www\tmstack\iot\heroctl\server\node_modules\passport\package.json
24 verbose installManyTop reading scoped package data from c:\wamp\www\tmstack\iot\heroctl\server\node_modules\passport-http-bearer\package.json
25 verbose installManyTop reading scoped package data from c:\wamp\www\tmstack\iot\heroctl\server\node_modules\passport-local\package.json
26 verbose installManyTop reading scoped package data from c:\wamp\www\tmstack\iot\heroctl\server\node_modules\passport-localapikey\package.json
27 verbose installManyTop reading scoped package data from c:\wamp\www\tmstack\iot\heroctl\server\node_modules\should\package.json
28 verbose installManyTop reading scoped package data from c:\wamp\www\tmstack\iot\heroctl\server\node_modules\socket.io\package.json
29 verbose installManyTop reading scoped package data from c:\wamp\www\tmstack\iot\heroctl\server\node_modules\superagent\package.json
30 verbose installManyTop reading scoped package data from c:\wamp\www\tmstack\iot\heroctl\server\node_modules\supertest\package.json
31 verbose installManyTop reading scoped package data from c:\wamp\www\tmstack\iot\heroctl\server\node_modules\tracer\package.json
32 verbose installManyTop reading scoped package data from c:\wamp\www\tmstack\iot\heroctl\server\node_modules\underscore\package.json
33 verbose installManyTop reading scoped package data from c:\wamp\www\tmstack\iot\heroctl\server\node_modules\vows\package.json
34 info package.json expect.js@0.3.1 No license field.
35 info package.json assert@1.3.0 assert is also the name of a node core module.
36 info package.json passport-localapikey@0.0.3 No license field.
37 info package.json passport-http-bearer@1.0.1 No license field.
38 info package.json passport@0.3.2 No README data
39 info package.json mocha@1.8.2 No license field.
40 info package.json frisby@0.8.5 license should be a valid SPDX license expression
41 info package.json mongoose@3.5.16 No license field.
42 info package.json nodemailer@0.6.5 No license field.
43 info package.json mongodb@1.4.39 No license field.
44 info package.json socket.io@1.3.7 No license field.
45 info package.json passport-local@1.0.0 No license field.
46 verbose readDependencies loading dependencies from c:\wamp\www\tmstack\iot\heroctl\server\package.json
47 silly cache add args [ 'os', null ]
48 verbose cache add spec os
49 silly cache add parsed spec { raw: 'os',
49 silly cache add   scope: null,
49 silly cache add   name: 'os',
49 silly cache add   rawSpec: '',
49 silly cache add   spec: '*',
49 silly cache add   type: 'range' }
50 silly addNamed os@*
51 verbose addNamed "*" is a valid semver range for os
52 silly addNameRange { name: 'os', range: '*', hasData: false }
53 silly mapToRegistry name os
54 silly mapToRegistry using default registry
55 silly mapToRegistry registry https://registry.npmjs.org/
56 silly mapToRegistry uri https://registry.npmjs.org/os
57 verbose addNameRange registry:https://registry.npmjs.org/os not in flight; fetching
58 verbose request uri https://registry.npmjs.org/os
59 verbose request no auth needed
60 info attempt registry request try #1 at 1:06:07 PM
61 verbose request using bearer token for auth
62 verbose request id 66f3bf61b703afd4
63 http request GET https://registry.npmjs.org/os
64 http 404 https://registry.npmjs.org/os
65 verbose headers { 'content-type': 'application/json',
65 verbose headers   'cache-control': 'max-age=0',
65 verbose headers   'content-length': '2',
65 verbose headers   'accept-ranges': 'bytes',
65 verbose headers   date: 'Tue, 17 Nov 2015 18:06:07 GMT',
65 verbose headers   via: '1.1 varnish',
65 verbose headers   connection: 'keep-alive',
65 verbose headers   'x-served-by': 'cache-iad2125-IAD',
65 verbose headers   'x-cache': 'MISS',
65 verbose headers   'x-cache-hits': '0',
65 verbose headers   'x-timer': 'S1447783566.824722,VS0,VE389' }
66 silly get cb [ 404,
66 silly get   { 'content-type': 'application/json',
66 silly get     'cache-control': 'max-age=0',
66 silly get     'content-length': '2',
66 silly get     'accept-ranges': 'bytes',
66 silly get     date: 'Tue, 17 Nov 2015 18:06:07 GMT',
66 silly get     via: '1.1 varnish',
66 silly get     connection: 'keep-alive',
66 silly get     'x-served-by': 'cache-iad2125-IAD',
66 silly get     'x-cache': 'MISS',
66 silly get     'x-cache-hits': '0',
66 silly get     'x-timer': 'S1447783566.824722,VS0,VE389' } ]
67 verbose stack Error: Registry returned 404 for GET on https://registry.npmjs.org/os
67 verbose stack     at CachingRegistryClient.<anonymous> (c:\Program Files\nodejs\node_modules\npm\node_modules\npm-registry-client\lib\request.js:239:14)
67 verbose stack     at Request._callback (c:\Program Files\nodejs\node_modules\npm\node_modules\npm-registry-client\lib\request.js:170:14)
67 verbose stack     at Request.self.callback (c:\Program Files\nodejs\node_modules\npm\node_modules\request\request.js:354:22)
67 verbose stack     at Request.emit (events.js:110:17)
67 verbose stack     at Request.<anonymous> (c:\Program Files\nodejs\node_modules\npm\node_modules\request\request.js:1207:14)
67 verbose stack     at Request.emit (events.js:129:20)
67 verbose stack     at IncomingMessage.<anonymous> (c:\Program Files\nodejs\node_modules\npm\node_modules\request\request.js:1153:12)
67 verbose stack     at IncomingMessage.emit (events.js:129:20)
67 verbose stack     at _stream_readable.js:908:16
67 verbose stack     at process._tickCallback (node.js:355:11)
68 verbose statusCode 404
69 verbose pkgid os
70 verbose cwd c:\wamp\www\tmstack\iot\heroctl\server
71 error Windows_NT 6.1.7601
72 error argv "c:\\Program Files\\nodejs\\node.exe" "c:\\Program Files\\nodejs\\node_modules\\npm\\bin\\npm-cli.js" "install" "--save" "os"
73 error node v0.12.5
74 error npm  v2.11.2
75 error code E404
76 error 404 Registry returned 404 for GET on https://registry.npmjs.org/os
76 error 404
76 error 404 'os' is not in the npm registry.
76 error 404 Your package name is not valid, because
76 error 404
76 error 404  1. os is a core module name
76 error 404
76 error 404 Note that you can also install from a
76 error 404 tarball, folder, http url, or git url.
77 verbose exit [ 1, true ]
